<?xml version="1.0" encoding="UTF-8"?>
<!-- Generated by org.testng.reporters.JUnitXMLReporter -->
<testsuite hostname="Ravikumars-MacBook-Pro.local" ignored="0" name="Default test" tests="2" failures="0" timestamp="19 Sep 2019 22:29:56 GMT" time="16.346" errors="0">
  <testcase name="validateNewContactsLinkTest" time="0.18" classname="com.rvks.pom.testcases.ContactsPageTest"/>
  <testcase name="clickNewContactsLinkTest" time="0.761" classname="com.rvks.pom.testcases.ContactsPageTest"/>
</testsuite> <!-- Default test -->
